<?xml version="1.0" encoding="UTF-8"?>
<coverage generated="1484946768">
  <project timestamp="1484946768">
    <package name="Denpa\Bitcoin">
      <file name="D:\Projects\php-bitapi\src\Denpa\Bitcoin/Client.php">
        <class name="Client" namespace="Denpa\Bitcoin">
          <metrics complexity="12" methods="1" coveredmethods="1" conditionals="0" coveredconditionals="0" statements="24" coveredstatements="24" elements="25" coveredelements="25"/>
        </class>
        <line num="22" type="method" name="__construct" visibility="public" complexity="12" crap="12" count="7"/>
        <line num="24" type="stmt" count="7"/>
        <line num="25" type="stmt" count="6"/>
        <line num="27" type="stmt" count="6"/>
        <line num="28" type="stmt" count="6"/>
        <line num="31" type="stmt" count="6"/>
        <line num="32" type="stmt" count="6"/>
        <line num="35" type="stmt" count="6"/>
        <line num="36" type="stmt" count="4"/>
        <line num="39" type="stmt" count="6"/>
        <line num="40" type="stmt" count="2"/>
        <line num="43" type="stmt" count="6"/>
        <line num="44" type="stmt" count="1"/>
        <line num="48" type="stmt" count="7"/>
        <line num="49" type="stmt" count="1"/>
        <line num="52" type="stmt" count="7"/>
        <line num="53" type="stmt" count="1"/>
        <line num="56" type="stmt" count="7"/>
        <line num="57" type="stmt" count="3"/>
        <line num="60" type="stmt" count="7"/>
        <line num="61" type="stmt" count="5"/>
        <line num="64" type="stmt" count="7"/>
        <line num="65" type="stmt" count="6"/>
        <line num="68" type="stmt" count="7"/>
        <line num="69" type="stmt" count="7"/>
        <line num="71" type="stmt" count="7"/>
        <line num="72" type="stmt" count="7"/>
        <line num="74" type="stmt" count="7"/>
        <line num="75" type="stmt" count="7"/>
        <line num="77" type="stmt" count="7"/>
        <line num="83" type="stmt" count="6"/>
        <line num="92" type="stmt" count="4"/>
        <line num="93" type="stmt" count="1"/>
        <line num="96" type="stmt" count="4"/>
        <line num="97" type="stmt" count="4"/>
        <line num="98" type="stmt" count="4"/>
        <line num="99" type="stmt" count="4"/>
        <line num="102" type="stmt" count="3"/>
        <line num="103" type="stmt" count="3"/>
        <line num="104" type="stmt" count="1"/>
        <line num="107" type="stmt" count="2"/>
        <line num="108" type="stmt" count="2"/>
        <line num="109" type="stmt" count="1"/>
        <line num="110" type="stmt" count="1"/>
        <line num="111" type="stmt" count="1"/>
        <line num="112" type="stmt" count="1"/>
        <line num="113" type="stmt" count="1"/>
        <line num="114" type="stmt" count="1"/>
        <line num="117" type="stmt" count="1"/>
        <line num="120" type="stmt" count="0"/>
        <line num="127" type="stmt" count="3"/>
        <metrics loc="130" ncloc="108" classes="1" methods="1" coveredmethods="1" conditionals="0" coveredconditionals="0" statements="50" coveredstatements="49" elements="51" coveredelements="50"/>
      </file>
      <file name="D:\Projects\php-bitapi\src\Denpa\Bitcoin/ClientException.php">
        <class name="ClientException" namespace="Denpa\Bitcoin">
          <metrics complexity="0" methods="0" coveredmethods="0" conditionals="0" coveredconditionals="0" statements="0" coveredstatements="0" elements="0" coveredelements="0"/>
        </class>
        <metrics loc="6" ncloc="6" classes="0" methods="0" coveredmethods="0" conditionals="0" coveredconditionals="0" statements="0" coveredstatements="0" elements="0" coveredelements="0"/>
      </file>
    </package>
    <metrics files="2" loc="136" ncloc="114" classes="1" methods="1" coveredmethods="1" conditionals="0" coveredconditionals="0" statements="50" coveredstatements="49" elements="51" coveredelements="50"/>
  </project>
</coverage>
